2013-06-05 18:15:45,138 [INFO ][org.jppf.utils.VersionUtils.logVersionInformation(88)]: --------------------------------------------------------------------------------
2013-06-05 18:15:45,149 [INFO ][org.jppf.utils.VersionUtils.logVersionInformation(89)]: JPPF version information: Version: 3.3.1, Build number: 1116, Build date: 2013-04-25 07:55 CEST
2013-06-05 18:15:45,149 [INFO ][org.jppf.utils.VersionUtils.logVersionInformation(90)]: starting client with PID=3916, UUID=6F4B14B9-AE81-FBD9-7E85-EE8988E503DA
2013-06-05 18:15:45,149 [INFO ][org.jppf.utils.VersionUtils.logVersionInformation(91)]: --------------------------------------------------------------------------------
2013-06-05 18:15:45,150 [INFO ][org.jppf.client.AbstractGenericClient.<init>(102)]: JPPF client starting with sslEnabled = false
2013-06-05 18:15:45,156 [INFO ][org.jppf.example.matrix.MatrixRunner.output(196)]: Running Matrix demo with matrix size = 300*300 for 100 iterations
2013-06-05 18:15:45,658 [INFO ][org.jppf.example.matrix.MatrixRunner.output(196)]: Sequential computation performed in 00:00:00.470
2013-06-05 18:15:46,668 [INFO ][org.jppf.client.AbstractGenericClient.newConnection(240)]: connection [driver-1] created
2013-06-05 18:15:46,701 [INFO ][org.jppf.client.ClassServerDelegateImpl.init(80)]: [client: driver-1 - ClassServer] Attempting connection to the class server at Sebastian-PC:11111
2013-06-05 18:15:46,723 [INFO ][org.jppf.client.ClassServerDelegateImpl.init(91)]: [client: driver-1 - ClassServer] Reconnected to the class server
2013-06-05 18:15:48,190 [INFO ][org.jppf.example.matrix.MatrixRunner.output(196)]: Iteration #1 performed in 00:00:02.532
2013-06-05 18:15:48,655 [INFO ][org.jppf.example.matrix.MatrixRunner.output(196)]: Iteration #2 performed in 00:00:00.464
2013-06-05 18:15:49,139 [INFO ][org.jppf.example.matrix.MatrixRunner.output(196)]: Iteration #3 performed in 00:00:00.483
2013-06-05 18:15:49,530 [INFO ][org.jppf.example.matrix.MatrixRunner.output(196)]: Iteration #4 performed in 00:00:00.389
2013-06-05 18:15:49,858 [INFO ][org.jppf.example.matrix.MatrixRunner.output(196)]: Iteration #5 performed in 00:00:00.328
2013-06-05 18:15:50,212 [INFO ][org.jppf.example.matrix.MatrixRunner.output(196)]: Iteration #6 performed in 00:00:00.354
2013-06-05 18:15:50,510 [INFO ][org.jppf.example.matrix.MatrixRunner.output(196)]: Iteration #7 performed in 00:00:00.298
2013-06-05 18:15:50,772 [INFO ][org.jppf.example.matrix.MatrixRunner.output(196)]: Iteration #8 performed in 00:00:00.261
2013-06-05 18:15:51,044 [INFO ][org.jppf.example.matrix.MatrixRunner.output(196)]: Iteration #9 performed in 00:00:00.272
2013-06-05 18:15:51,316 [INFO ][org.jppf.example.matrix.MatrixRunner.output(196)]: Iteration #10 performed in 00:00:00.272
2013-06-05 18:15:51,586 [INFO ][org.jppf.example.matrix.MatrixRunner.output(196)]: Iteration #11 performed in 00:00:00.269
2013-06-05 18:15:51,842 [INFO ][org.jppf.example.matrix.MatrixRunner.output(196)]: Iteration #12 performed in 00:00:00.255
2013-06-05 18:15:52,069 [INFO ][org.jppf.example.matrix.MatrixRunner.output(196)]: Iteration #13 performed in 00:00:00.227
2013-06-05 18:15:52,319 [INFO ][org.jppf.example.matrix.MatrixRunner.output(196)]: Iteration #14 performed in 00:00:00.250
2013-06-05 18:15:52,542 [INFO ][org.jppf.example.matrix.MatrixRunner.output(196)]: Iteration #15 performed in 00:00:00.223
2013-06-05 18:15:52,771 [INFO ][org.jppf.example.matrix.MatrixRunner.output(196)]: Iteration #16 performed in 00:00:00.229
2013-06-05 18:15:53,031 [INFO ][org.jppf.example.matrix.MatrixRunner.output(196)]: Iteration #17 performed in 00:00:00.259
2013-06-05 18:15:53,247 [INFO ][org.jppf.example.matrix.MatrixRunner.output(196)]: Iteration #18 performed in 00:00:00.216
2013-06-05 18:15:53,480 [INFO ][org.jppf.example.matrix.MatrixRunner.output(196)]: Iteration #19 performed in 00:00:00.232
2013-06-05 18:15:53,689 [INFO ][org.jppf.example.matrix.MatrixRunner.output(196)]: Iteration #20 performed in 00:00:00.209
2013-06-05 18:15:53,932 [INFO ][org.jppf.example.matrix.MatrixRunner.output(196)]: Iteration #21 performed in 00:00:00.243
2013-06-05 18:15:54,197 [INFO ][org.jppf.example.matrix.MatrixRunner.output(196)]: Iteration #22 performed in 00:00:00.263
2013-06-05 18:15:54,402 [INFO ][org.jppf.example.matrix.MatrixRunner.output(196)]: Iteration #23 performed in 00:00:00.205
2013-06-05 18:15:54,610 [INFO ][org.jppf.example.matrix.MatrixRunner.output(196)]: Iteration #24 performed in 00:00:00.208
2013-06-05 18:15:54,825 [INFO ][org.jppf.example.matrix.MatrixRunner.output(196)]: Iteration #25 performed in 00:00:00.214
2013-06-05 18:15:55,057 [INFO ][org.jppf.example.matrix.MatrixRunner.output(196)]: Iteration #26 performed in 00:00:00.231
2013-06-05 18:15:55,264 [INFO ][org.jppf.example.matrix.MatrixRunner.output(196)]: Iteration #27 performed in 00:00:00.207
2013-06-05 18:15:55,497 [INFO ][org.jppf.example.matrix.MatrixRunner.output(196)]: Iteration #28 performed in 00:00:00.233
2013-06-05 18:15:55,734 [INFO ][org.jppf.example.matrix.MatrixRunner.output(196)]: Iteration #29 performed in 00:00:00.237
2013-06-05 18:15:55,940 [INFO ][org.jppf.example.matrix.MatrixRunner.output(196)]: Iteration #30 performed in 00:00:00.206
2013-06-05 18:15:56,152 [INFO ][org.jppf.example.matrix.MatrixRunner.output(196)]: Iteration #31 performed in 00:00:00.211
2013-06-05 18:15:56,389 [INFO ][org.jppf.example.matrix.MatrixRunner.output(196)]: Iteration #32 performed in 00:00:00.237
2013-06-05 18:15:56,591 [INFO ][org.jppf.example.matrix.MatrixRunner.output(196)]: Iteration #33 performed in 00:00:00.200
2013-06-05 18:15:56,812 [INFO ][org.jppf.example.matrix.MatrixRunner.output(196)]: Iteration #34 performed in 00:00:00.221
2013-06-05 18:15:57,035 [INFO ][org.jppf.example.matrix.MatrixRunner.output(196)]: Iteration #35 performed in 00:00:00.223
2013-06-05 18:15:57,237 [INFO ][org.jppf.example.matrix.MatrixRunner.output(196)]: Iteration #36 performed in 00:00:00.201
2013-06-05 18:15:57,441 [INFO ][org.jppf.example.matrix.MatrixRunner.output(196)]: Iteration #37 performed in 00:00:00.203
2013-06-05 18:15:57,666 [INFO ][org.jppf.example.matrix.MatrixRunner.output(196)]: Iteration #38 performed in 00:00:00.224
2013-06-05 18:15:57,883 [INFO ][org.jppf.example.matrix.MatrixRunner.output(196)]: Iteration #39 performed in 00:00:00.217
2013-06-05 18:15:58,080 [INFO ][org.jppf.example.matrix.MatrixRunner.output(196)]: Iteration #40 performed in 00:00:00.197
2013-06-05 18:15:58,313 [INFO ][org.jppf.example.matrix.MatrixRunner.output(196)]: Iteration #41 performed in 00:00:00.233
2013-06-05 18:15:58,506 [INFO ][org.jppf.example.matrix.MatrixRunner.output(196)]: Iteration #42 performed in 00:00:00.193
2013-06-05 18:15:58,700 [INFO ][org.jppf.example.matrix.MatrixRunner.output(196)]: Iteration #43 performed in 00:00:00.193
2013-06-05 18:15:58,924 [INFO ][org.jppf.example.matrix.MatrixRunner.output(196)]: Iteration #44 performed in 00:00:00.223
2013-06-05 18:15:59,144 [INFO ][org.jppf.example.matrix.MatrixRunner.output(196)]: Iteration #45 performed in 00:00:00.219
2013-06-05 18:15:59,336 [INFO ][org.jppf.example.matrix.MatrixRunner.output(196)]: Iteration #46 performed in 00:00:00.191
2013-06-05 18:15:59,553 [INFO ][org.jppf.example.matrix.MatrixRunner.output(196)]: Iteration #47 performed in 00:00:00.216
2013-06-05 18:15:59,750 [INFO ][org.jppf.example.matrix.MatrixRunner.output(196)]: Iteration #48 performed in 00:00:00.197
2013-06-05 18:15:59,948 [INFO ][org.jppf.example.matrix.MatrixRunner.output(196)]: Iteration #49 performed in 00:00:00.198
2013-06-05 18:16:00,191 [INFO ][org.jppf.example.matrix.MatrixRunner.output(196)]: Iteration #50 performed in 00:00:00.243
2013-06-05 18:16:00,386 [INFO ][org.jppf.example.matrix.MatrixRunner.output(196)]: Iteration #51 performed in 00:00:00.194
2013-06-05 18:16:00,576 [INFO ][org.jppf.example.matrix.MatrixRunner.output(196)]: Iteration #52 performed in 00:00:00.190
2013-06-05 18:16:00,785 [INFO ][org.jppf.example.matrix.MatrixRunner.output(196)]: Iteration #53 performed in 00:00:00.209
2013-06-05 18:16:00,968 [INFO ][org.jppf.example.matrix.MatrixRunner.output(196)]: Iteration #54 performed in 00:00:00.183
2013-06-05 18:16:01,144 [INFO ][org.jppf.example.matrix.MatrixRunner.output(196)]: Iteration #55 performed in 00:00:00.176
2013-06-05 18:16:01,365 [INFO ][org.jppf.example.matrix.MatrixRunner.output(196)]: Iteration #56 performed in 00:00:00.221
2013-06-05 18:16:01,545 [INFO ][org.jppf.example.matrix.MatrixRunner.output(196)]: Iteration #57 performed in 00:00:00.180
2013-06-05 18:16:01,712 [INFO ][org.jppf.example.matrix.MatrixRunner.output(196)]: Iteration #58 performed in 00:00:00.167
2013-06-05 18:16:01,899 [INFO ][org.jppf.example.matrix.MatrixRunner.output(196)]: Iteration #59 performed in 00:00:00.187
2013-06-05 18:16:02,062 [INFO ][org.jppf.example.matrix.MatrixRunner.output(196)]: Iteration #60 performed in 00:00:00.161
2013-06-05 18:16:02,228 [INFO ][org.jppf.example.matrix.MatrixRunner.output(196)]: Iteration #61 performed in 00:00:00.166
2013-06-05 18:16:02,439 [INFO ][org.jppf.example.matrix.MatrixRunner.output(196)]: Iteration #62 performed in 00:00:00.211
2013-06-05 18:16:02,605 [INFO ][org.jppf.example.matrix.MatrixRunner.output(196)]: Iteration #63 performed in 00:00:00.166
2013-06-05 18:16:02,773 [INFO ][org.jppf.example.matrix.MatrixRunner.output(196)]: Iteration #64 performed in 00:00:00.168
2013-06-05 18:16:02,956 [INFO ][org.jppf.example.matrix.MatrixRunner.output(196)]: Iteration #65 performed in 00:00:00.183
2013-06-05 18:16:03,119 [INFO ][org.jppf.example.matrix.MatrixRunner.output(196)]: Iteration #66 performed in 00:00:00.163
2013-06-05 18:16:03,302 [INFO ][org.jppf.example.matrix.MatrixRunner.output(196)]: Iteration #67 performed in 00:00:00.183
2013-06-05 18:16:03,481 [INFO ][org.jppf.example.matrix.MatrixRunner.output(196)]: Iteration #68 performed in 00:00:00.179
2013-06-05 18:16:03,644 [INFO ][org.jppf.example.matrix.MatrixRunner.output(196)]: Iteration #69 performed in 00:00:00.163
2013-06-05 18:16:03,804 [INFO ][org.jppf.example.matrix.MatrixRunner.output(196)]: Iteration #70 performed in 00:00:00.158
2013-06-05 18:16:03,990 [INFO ][org.jppf.example.matrix.MatrixRunner.output(196)]: Iteration #71 performed in 00:00:00.186
2013-06-05 18:16:04,165 [INFO ][org.jppf.example.matrix.MatrixRunner.output(196)]: Iteration #72 performed in 00:00:00.175
2013-06-05 18:16:04,347 [INFO ][org.jppf.example.matrix.MatrixRunner.output(196)]: Iteration #73 performed in 00:00:00.181
2013-06-05 18:16:04,550 [INFO ][org.jppf.example.matrix.MatrixRunner.output(196)]: Iteration #74 performed in 00:00:00.203
2013-06-05 18:16:04,737 [INFO ][org.jppf.example.matrix.MatrixRunner.output(196)]: Iteration #75 performed in 00:00:00.186
2013-06-05 18:16:04,917 [INFO ][org.jppf.example.matrix.MatrixRunner.output(196)]: Iteration #76 performed in 00:00:00.180
2013-06-05 18:16:05,106 [INFO ][org.jppf.example.matrix.MatrixRunner.output(196)]: Iteration #77 performed in 00:00:00.189
2013-06-05 18:16:05,276 [INFO ][org.jppf.example.matrix.MatrixRunner.output(196)]: Iteration #78 performed in 00:00:00.169
2013-06-05 18:16:05,457 [INFO ][org.jppf.example.matrix.MatrixRunner.output(196)]: Iteration #79 performed in 00:00:00.181
2013-06-05 18:16:05,645 [INFO ][org.jppf.example.matrix.MatrixRunner.output(196)]: Iteration #80 performed in 00:00:00.188
2013-06-05 18:16:05,807 [INFO ][org.jppf.example.matrix.MatrixRunner.output(196)]: Iteration #81 performed in 00:00:00.162
2013-06-05 18:16:05,973 [INFO ][org.jppf.example.matrix.MatrixRunner.output(196)]: Iteration #82 performed in 00:00:00.166
2013-06-05 18:16:06,166 [INFO ][org.jppf.example.matrix.MatrixRunner.output(196)]: Iteration #83 performed in 00:00:00.193
2013-06-05 18:16:06,363 [INFO ][org.jppf.example.matrix.MatrixRunner.output(196)]: Iteration #84 performed in 00:00:00.196
2013-06-05 18:16:06,538 [INFO ][org.jppf.example.matrix.MatrixRunner.output(196)]: Iteration #85 performed in 00:00:00.174
2013-06-05 18:16:06,730 [INFO ][org.jppf.example.matrix.MatrixRunner.output(196)]: Iteration #86 performed in 00:00:00.192
2013-06-05 18:16:06,910 [INFO ][org.jppf.example.matrix.MatrixRunner.output(196)]: Iteration #87 performed in 00:00:00.179
2013-06-05 18:16:07,085 [INFO ][org.jppf.example.matrix.MatrixRunner.output(196)]: Iteration #88 performed in 00:00:00.175
2013-06-05 18:16:07,275 [INFO ][org.jppf.example.matrix.MatrixRunner.output(196)]: Iteration #89 performed in 00:00:00.190
2013-06-05 18:16:07,453 [INFO ][org.jppf.example.matrix.MatrixRunner.output(196)]: Iteration #90 performed in 00:00:00.177
2013-06-05 18:16:07,619 [INFO ][org.jppf.example.matrix.MatrixRunner.output(196)]: Iteration #91 performed in 00:00:00.165
2013-06-05 18:16:07,806 [INFO ][org.jppf.example.matrix.MatrixRunner.output(196)]: Iteration #92 performed in 00:00:00.187
2013-06-05 18:16:07,985 [INFO ][org.jppf.example.matrix.MatrixRunner.output(196)]: Iteration #93 performed in 00:00:00.179
2013-06-05 18:16:08,150 [INFO ][org.jppf.example.matrix.MatrixRunner.output(196)]: Iteration #94 performed in 00:00:00.165
2013-06-05 18:16:08,353 [INFO ][org.jppf.example.matrix.MatrixRunner.output(196)]: Iteration #95 performed in 00:00:00.203
2013-06-05 18:16:08,549 [INFO ][org.jppf.example.matrix.MatrixRunner.output(196)]: Iteration #96 performed in 00:00:00.196
2013-06-05 18:16:08,714 [INFO ][org.jppf.example.matrix.MatrixRunner.output(196)]: Iteration #97 performed in 00:00:00.164
2013-06-05 18:16:08,906 [INFO ][org.jppf.example.matrix.MatrixRunner.output(196)]: Iteration #98 performed in 00:00:00.192
2013-06-05 18:16:09,081 [INFO ][org.jppf.example.matrix.MatrixRunner.output(196)]: Iteration #99 performed in 00:00:00.175
2013-06-05 18:16:09,257 [INFO ][org.jppf.example.matrix.MatrixRunner.output(196)]: Iteration #100 performed in 00:00:00.176
2013-06-05 18:16:09,257 [INFO ][org.jppf.example.matrix.MatrixRunner.output(196)]: Average iteration time: 00:00:00.235
